{"message":"Unauthorized request to path: /","level":"error"}
{"message":"Unauthorized request to path: /favicon.ico","level":"error"}
{"message":"Game with id 6f10451b-d61a-43f5-a4b7-af94d5b0a49b created.","level":"info"}
{"message":"host is required","level":"error"}
{"message":"gameId is required","level":"error"}
{"message":"Move with id undefined created.","level":"info"}
{"message":"undefined move with value undefined created.","level":"info"}
{"message":"move: placement","level":"info"}
{"message":"move: [object Object]","level":"info"}
{"message":"placement move with value 3 created.","level":"info"}
{"message":"selection move with value of 3 created.","level":"info"}
{"message":"placement move with value of 12 created.","level":"info"}
{"message":"selection move with value of 12 created.","level":"info"}
{"message":"Game with id 6f10451b-d61a-43f5-a4b7-af94d5b0a49b created.","level":"info"}
{"message":"selection move with value of 12 created.","level":"info"}
{"message":"placement move with value of 4 created.","level":"info"}
{"message":"Game with id 6d3dea93-1368-4566-9d4b-796b09bd7853 created.","level":"info"}
{"message":"Game with id 226977bc-496e-4c96-b385-1db346d194ac created.","level":"info"}
{"message":"Game with id cea1d62e-bf0a-446f-ab1d-8753a445a1dd created.","level":"info"}
{"message":"Game with id 311498e6-b540-480b-9a8a-8cb6f401473f created.","level":"info"}
{"message":"Game with id ee2d8b51-ae35-42d1-a198-b2db34790e42 created.","level":"info"}
{"message":"Game with id 4264bcaa-0c79-4ac6-b5a4-28e17552bcf4 created.","level":"info"}
{"message":"Game with id 548532be-a73b-4b83-a154-18c367314335 created.","level":"info"}
{"message":"Game with id 4b41b535-30ec-4f56-a7e6-cc69718d12c6 created.","level":"info"}
{"message":"Game with id df7cfaeb-a2df-43f1-8b24-7ce265477a39 created.","level":"info"}
{"message":"Game with id 73ccbd8b-5b92-412d-a2d7-a18c2cb2eaf1 created.","level":"info"}
{"message":"Game with id ab325aaa-0c04-4fab-842f-9e473b061f45 created.","level":"info"}
{"message":"Game with id de139919-75b9-4387-aec4-d5a1773c6b5b created.","level":"info"}
{"message":"Game with id 59f2f8a4-4b30-4f3d-aff0-73a18f64920b created.","level":"info"}
{"message":"Game with id 6f10451b-d61a-43f5-a4b7-af94d5b0a49b not found.","level":"error"}
{"message":"placement move with value of 4 created.","level":"info"}
{"message":"Game with id 42caaa8d-e59a-401e-ac57-4db37fb8b320 created.","level":"info"}
{"message":"selection move with value of 11 created.","level":"info"}
{"message":"placement move with value of 11 created.","level":"info"}
{"message":"placement move with value of 3 created.","level":"info"}
{"message":"Game with id 8950043b-fcd0-4cf7-8560-c6803063b642 created.","level":"info"}
{"message":"selection move with value of 9 created.","level":"info"}
{"message":"placement move with value of 3 created.","level":"info"}
{"message":"Game with id caeb30c5-a2db-4eeb-9e3f-7c4e3c99d10f created.","level":"info"}
{"message":"selection move with value of 1 created.","level":"info"}
{"message":"placement move with value of 11 created.","level":"info"}
{"message":"selection move with value of 9 created.","level":"info"}
{"message":"Game with id e9440ce2-3816-4e45-a2a5-554e22c55912 created.","level":"info"}
{"message":"selection move with value of 11 created.","level":"info"}
{"message":"placement move with value of 6 created.","level":"info"}
{"message":"selection move with value of 9 created.","level":"info"}
{"message":"Game with id 3cce1ba6-7b74-4b9b-b656-8b956a7597f2 created.","level":"info"}
{"message":"selection move with value of 2 created.","level":"info"}
{"message":"placement move with value of 7 created.","level":"info"}
{"message":"selection move with value of 9 created.","level":"info"}
{"message":"Game with id 81930cab-d1b3-4071-aaf6-d1f2e9afc0c1 created.","level":"info"}
{"message":"selection move with value of 10 created.","level":"info"}
{"message":"placement move with value of 5 created.","level":"info"}
{"message":"selection move with value of 14 created.","level":"info"}
{"message":"placement move with value of 12 created.","level":"info"}
{"message":"selection move with value of 11 created.","level":"info"}
{"message":"placement move with value of 3 created.","level":"info"}
{"message":"selection move with value of 0 created.","level":"info"}
{"message":"placement move with value of 2 created.","level":"info"}
{"message":"selection move with value of 1 created.","level":"info"}
{"message":"placement move with value of 6 created.","level":"info"}
{"message":"selection move with value of 12 created.","level":"info"}
{"message":"placement move with value of 10 created.","level":"info"}
{"message":"selection move with value of 8 created.","level":"info"}
{"message":"placement move with value of 14 created.","level":"info"}
{"message":"Game with id 5b9b67be-dd16-4291-adc3-96a668e4ebe4 created.","level":"info"}
{"message":"selection move with value of 6 created.","level":"info"}
{"message":"placement move with value of 10 created.","level":"info"}
{"message":"selection move with value of 5 created.","level":"info"}
{"message":"placement move with value of 0 created.","level":"info"}
{"message":"selection move with value of 12 created.","level":"info"}
{"message":"placement move with value of 15 created.","level":"info"}
{"message":"selection move with value of 7 created.","level":"info"}
{"message":"placement move with value of 5 created.","level":"info"}
{"message":"selection move with value of 8 created.","level":"info"}
{"message":"placement move with value of 6 created.","level":"info"}
{"message":"selection move with value of 0 created.","level":"info"}
{"message":"placement move with value of 2 created.","level":"info"}
{"message":"selection move with value of 11 created.","level":"info"}
{"message":"placement move with value of 10 created.","level":"info"}
{"message":"selection move with value of 9 created.","level":"info"}
{"message":"placement move with value of 14 created.","level":"info"}
